  Class.h
D:\ДЗ\3 Семестр\OOP\Курсач\SFML\Plant.h(3,10): warning C4067: непредвиденные лексемы за директивой препроцессора, требуется newline
D:\ДЗ\3 Семестр\OOP\Курсач\SFML\Herbivore.h(3,10): warning C4067: непредвиденные лексемы за директивой препроцессора, требуется newline
D:\ДЗ\3 Семестр\OOP\Курсач\SFML\Predatory.h(3,10): warning C4067: непредвиденные лексемы за директивой препроцессора, требуется newline
  main.cpp
D:\ДЗ\3 Семестр\OOP\Курсач\SFML\Plant.h(3,10): warning C4067: непредвиденные лексемы за директивой препроцессора, требуется newline
D:\ДЗ\3 Семестр\OOP\Курсач\SFML\Herbivore.h(3,10): warning C4067: непредвиденные лексемы за директивой препроцессора, требуется newline
D:\ДЗ\3 Семестр\OOP\Курсач\SFML\Predatory.h(3,10): warning C4067: непредвиденные лексемы за директивой препроцессора, требуется newline
D:\ДЗ\3 Семестр\OOP\Курсач\SFML\Header.h(18,46): warning C4244: аргумент: преобразование "int" в "T", возможна потеря данных
          with
          [
              T=float
          ]
D:\ДЗ\3 Семестр\OOP\Курсач\SFML\Header.h(18,39): warning C4244: аргумент: преобразование "int" в "T", возможна потеря данных
          with
          [
              T=float
          ]
D:\ДЗ\3 Семестр\OOP\Курсач\SFML\Header.h(27,42): warning C4244: аргумент: преобразование "int" в "T", возможна потеря данных
          with
          [
              T=float
          ]
D:\ДЗ\3 Семестр\OOP\Курсач\SFML\Header.h(27,35): warning C4244: аргумент: преобразование "int" в "T", возможна потеря данных
          with
          [
              T=float
          ]
D:\ДЗ\3 Семестр\OOP\Курсач\SFML\Header.h(36,27): warning C4244: аргумент: преобразование "int" в "float", возможна потеря данных
D:\ДЗ\3 Семестр\OOP\Курсач\SFML\Header.h(36,20): warning C4244: аргумент: преобразование "int" в "float", возможна потеря данных
D:\ДЗ\3 Семестр\OOP\Курсач\SFML\main.cpp(9,13): warning C4244: аргумент: преобразование "time_t" в "unsigned int", возможна потеря данных
D:\ДЗ\3 Семестр\OOP\Курсач\SFML\main.cpp(153,22): warning C4305: инициализация: усечение из "double" в "float"
  Создание кода
  Previous IPDB not found, fall back to full compilation.
  All 104 functions were compiled because no usable IPDB/IOBJ from previous compilation was found.
  Создание кода завершено
  SFML.vcxproj -> D:\ДЗ\3 Семестр\OOP\Курсач\SFML\x64\Release\SFML.exe
